2025-07-12 21:12:12 - INFO - Application starting...
2025-07-12 21:12:12 - INFO - License saved successfully
2025-07-12 21:12:12 - INFO - License loaded and validated successfully
2025-07-12 21:12:53 - INFO - Local DNS server started on port 53530
2025-07-12 21:12:57 - INFO - DNS server changed to: LocalDNS
2025-07-12 21:13:22 - INFO - Restored VPN connection state
2025-07-12 21:17:10 - INFO - Application starting...
2025-07-12 21:17:10 - INFO - License saved successfully
2025-07-12 21:17:10 - INFO - License loaded and validated successfully
2025-07-12 21:17:14 - INFO - Restored VPN connection state
2025-07-12 21:17:15 - INFO - VPN connection terminated
2025-07-12 21:17:24 - INFO - Local DNS server started on port 53530
2025-07-12 21:17:25 - INFO - Local DNS server stopped
2025-07-12 21:29:13 - INFO - License saved successfully
2025-07-12 21:29:13 - INFO - License loaded and validated successfully
2025-07-12 21:29:13 - INFO - Application starting...
2025-07-12 21:29:46 - INFO - DNS scan started - Target: example.com, Wordlist: subdomains-top1000.txt, Types: ['A', 'AAAA']
2025-07-12 21:29:55 - INFO - DNS scan completed - Target: example.com, Results: 2
2025-07-12 21:32:25 - INFO - DNS server changed to: LocalDNS
2025-07-12 21:32:41 - INFO - DNS scan started - Target: hotmail.com, Wordlist: subdomains-top1000.txt, Types: ['A', 'AAAA']
2025-07-12 21:32:56 - INFO - DNS scan completed - Target: hotmail.com, Results: 5
2025-07-12 21:33:04 - INFO - Local DNS server started on port 53530
2025-07-12 21:33:07 - INFO - DNS server changed to: LocalDNS
2025-07-12 21:33:11 - INFO - DNS scan started - Target: hotmail.com, Wordlist: subdomains-top1000.txt, Types: ['A', 'AAAA']
2025-07-12 21:33:12 - INFO - DNS scan completed - Target: hotmail.com, Results: 5
2025-07-12 21:33:25 - INFO - Local DNS server stopped
2025-07-12 21:33:25 - INFO - Local DNS server stopped
2025-07-12 21:33:29 - INFO - License saved successfully
2025-07-12 21:33:29 - INFO - License loaded and validated successfully
2025-07-12 21:33:30 - INFO - Application starting...
2025-07-12 21:34:00 - INFO - DNS server changed to: 192.168.1.106
2025-07-12 21:34:09 - INFO - DNS scan started - Target: example.com, Wordlist: subdomains-top1000.txt, Types: ['A', 'AAAA']
2025-07-12 21:34:15 - ERROR - Unhandled exception:
Traceback (most recent call last):
  File "C:\Users\allie\Coding Projects\hackulator\app\tools\recon.py", line 303, in run
    self.signals.finished.emit()
    ^^^^^^^^^^^^^^^^^^^^^
RuntimeError: wrapped C/C++ object of type WorkerSignals has been deleted

2025-07-12 21:49:26 - INFO - License saved successfully
2025-07-12 21:49:26 - INFO - License loaded and validated successfully
2025-07-12 21:49:26 - INFO - Application starting...
2025-07-12 21:49:43 - INFO - DNS scan started - Target: example.com, Wordlist: subdomains-top1000.txt, Types: ['A', 'AAAA']
2025-07-12 21:50:14 - INFO - DNS server changed to: Default DNS
2025-07-12 21:50:18 - INFO - DNS scan started - Target: example.com, Wordlist: subdomains-top1000.txt, Types: ['A', 'AAAA']
2025-07-12 21:50:40 - INFO - DNS server changed to: 192.168.1.106
2025-07-12 21:50:44 - INFO - DNS scan started - Target: example.com, Wordlist: subdomains-top1000.txt, Types: ['A', 'AAAA']
2025-07-12 22:00:56 - INFO - License saved successfully
2025-07-12 22:00:56 - INFO - License loaded and validated successfully
2025-07-12 22:00:56 - INFO - Application starting...
2025-07-12 22:01:05 - INFO - License saved successfully
2025-07-12 22:01:05 - INFO - License loaded and validated successfully
2025-07-12 22:01:05 - INFO - Application starting...
2025-07-12 22:01:16 - INFO - DNS scan started - Target: example.com, Wordlist: subdomains-top1000.txt, Types: ['A', 'AAAA']
2025-07-12 22:01:17 - INFO - DNS scan completed - Target: example.com, Results: 2
2025-07-12 22:01:31 - INFO - License saved successfully
2025-07-12 22:01:31 - INFO - License loaded and validated successfully
2025-07-12 22:01:31 - INFO - Application starting...
2025-07-12 22:01:37 - INFO - DNS server changed to: Default DNS
2025-07-12 22:05:41 - INFO - License saved successfully
2025-07-12 22:05:41 - INFO - License loaded and validated successfully
2025-07-12 22:05:41 - INFO - Application starting...
2025-07-12 22:05:59 - INFO - DNS scan started - Target: example.com, Wordlist: subdomains-top1000.txt, Types: ['A', 'AAAA']
2025-07-12 22:06:14 - INFO - DNS server changed to: 192.168.1.106
2025-07-12 22:06:18 - INFO - DNS scan started - Target: example.com, Wordlist: subdomains-top1000.txt, Types: ['A', 'AAAA']
2025-07-12 22:06:19 - INFO - DNS scan completed - Target: example.com, Results: 2
2025-07-12 22:06:27 - INFO - DNS server changed to: LocalDNS
2025-07-12 22:06:31 - INFO - DNS scan started - Target: example.com, Wordlist: subdomains-top1000.txt, Types: ['A', 'AAAA']
2025-07-12 22:06:31 - DEBUG - DNS error for cnj7vqyn4xby.example.com: All nameservers failed to answer the query cnj7vqyn4xby.example.com. IN A: Server Do53:127.0.0.1@53530 answered [WinError 10054] An existing connection was forcibly closed by the remote host
2025-07-12 22:06:31 - DEBUG - DNS error for he6sjkz7nb0b.example.com: All nameservers failed to answer the query he6sjkz7nb0b.example.com. IN A: Server Do53:127.0.0.1@53530 answered [WinError 10054] An existing connection was forcibly closed by the remote host
2025-07-12 22:06:31 - DEBUG - DNS error for 8cs1lti64n6l.example.com: All nameservers failed to answer the query 8cs1lti64n6l.example.com. IN A: Server Do53:127.0.0.1@53530 answered [WinError 10054] An existing connection was forcibly closed by the remote host
2025-07-12 22:07:13 - INFO - DNS scan started - Target: hotmail.com, Wordlist: subdomains-top1000.txt, Types: ['A', 'AAAA']
2025-07-12 22:07:13 - DEBUG - DNS error for q43am4b7p44e.hotmail.com: All nameservers failed to answer the query q43am4b7p44e.hotmail.com. IN A: Server Do53:127.0.0.1@53530 answered [WinError 10054] An existing connection was forcibly closed by the remote host
2025-07-12 22:07:13 - DEBUG - DNS error for 0898qnzffro5.hotmail.com: All nameservers failed to answer the query 0898qnzffro5.hotmail.com. IN A: Server Do53:127.0.0.1@53530 answered [WinError 10054] An existing connection was forcibly closed by the remote host
2025-07-12 22:07:13 - DEBUG - DNS error for 3t0n83c3v1ei.hotmail.com: All nameservers failed to answer the query 3t0n83c3v1ei.hotmail.com. IN A: Server Do53:127.0.0.1@53530 answered [WinError 10054] An existing connection was forcibly closed by the remote host
2025-07-12 22:07:41 - INFO - DNS scan completed - Target: hotmail.com, Results: 0
2025-07-12 22:08:28 - INFO - DNS scan started - Target: www.hotmail.com, Wordlist: subdomains-top1000.txt, Types: ['A', 'AAAA']
2025-07-12 22:08:28 - DEBUG - DNS error for zx4mfts9h1af.www.hotmail.com: All nameservers failed to answer the query zx4mfts9h1af.www.hotmail.com. IN A: Server Do53:127.0.0.1@53530 answered [WinError 10054] An existing connection was forcibly closed by the remote host
2025-07-12 22:08:28 - DEBUG - DNS error for q7xi8wgn0kmi.www.hotmail.com: All nameservers failed to answer the query q7xi8wgn0kmi.www.hotmail.com. IN A: Server Do53:127.0.0.1@53530 answered [WinError 10054] An existing connection was forcibly closed by the remote host
2025-07-12 22:08:28 - DEBUG - DNS error for 65vimz13b32l.www.hotmail.com: All nameservers failed to answer the query 65vimz13b32l.www.hotmail.com. IN A: Server Do53:127.0.0.1@53530 answered [WinError 10054] An existing connection was forcibly closed by the remote host
2025-07-12 22:10:58 - INFO - License saved successfully
2025-07-12 22:10:58 - INFO - License loaded and validated successfully
2025-07-12 22:10:58 - INFO - Application starting...
2025-07-12 22:11:09 - INFO - Local DNS server started on port 53530
2025-07-12 22:11:23 - INFO - DNS scan started - Target: hotmail.com, Wordlist: subdomains-top1000.txt, Types: ['A', 'AAAA']
2025-07-12 22:12:24 - INFO - Local DNS server stopped
2025-07-12 22:12:24 - INFO - Local DNS server stopped
