2025-07-03 00:07:44 - hackulator - INFO - Using default configuration
2025-07-03 00:07:44 - hackulator - INFO - Application starting...
2025-07-03 00:07:56 - hackulator - INFO - Using default configuration
2025-07-03 00:07:56 - hackulator - INFO - Application starting...
2025-07-03 00:08:52 - hackulator - INFO - Using default configuration
2025-07-03 00:08:52 - hackulator - INFO - Application starting...
2025-07-03 00:09:05 - hackulator - INFO - Using default configuration
2025-07-03 00:09:05 - hackulator - INFO - Application starting...
2025-07-03 00:09:12 - hackulator - INFO - Using default configuration
2025-07-03 00:09:12 - hackulator - INFO - Application starting...
2025-07-03 00:12:23 - hackulator - INFO - Using default configuration
2025-07-03 00:12:23 - hackulator - INFO - Application starting...
2025-07-03 00:13:57 - hackulator - INFO - Using default configuration
2025-07-03 00:13:57 - hackulator - INFO - Application starting...
2025-07-03 00:14:56 - hackulator - INFO - Using default configuration
2025-07-03 00:14:56 - hackulator - INFO - Application starting...
2025-07-03 00:17:12 - hackulator - INFO - Using default configuration
2025-07-03 00:17:12 - hackulator - INFO - Application starting...
2025-07-03 00:18:49 - hackulator - INFO - Using default configuration
2025-07-03 00:18:49 - hackulator - INFO - Application starting...
2025-07-03 00:19:14 - hackulator - INFO - Using default configuration
2025-07-03 00:19:14 - hackulator - INFO - Application starting...
2025-07-03 00:19:53 - hackulator - INFO - Using default configuration
2025-07-03 00:19:53 - hackulator - INFO - Application starting...
2025-07-03 00:21:59 - hackulator - INFO - Using default configuration
2025-07-03 00:21:59 - hackulator - INFO - Application starting...
2025-07-03 00:24:07 - hackulator - INFO - Using default configuration
2025-07-03 00:24:07 - hackulator - INFO - Application starting...
2025-07-03 00:24:29 - hackulator - INFO - Using default configuration
2025-07-03 00:24:29 - hackulator - INFO - Application starting...
2025-07-03 00:25:56 - hackulator - INFO - Using default configuration
2025-07-03 00:25:56 - hackulator - INFO - Application starting...
2025-07-03 00:27:48 - hackulator - INFO - Using default configuration
2025-07-03 00:27:48 - hackulator - INFO - Application starting...
2025-07-03 00:28:49 - hackulator - INFO - Using default configuration
2025-07-03 00:28:49 - hackulator - INFO - Application starting...
2025-07-03 00:29:16 - hackulator - INFO - Using default configuration
2025-07-03 00:29:16 - hackulator - INFO - Application starting...
2025-07-03 00:33:17 - hackulator - INFO - Using default configuration
2025-07-03 00:33:17 - hackulator - INFO - Application starting...
2025-07-03 00:38:49 - hackulator - INFO - Using default configuration
2025-07-03 00:38:49 - hackulator - INFO - Application starting...
2025-07-03 00:48:01 - hackulator - INFO - Using default configuration
2025-07-03 00:48:01 - hackulator - INFO - Application starting...
2025-07-03 00:50:22 - hackulator - INFO - Using default configuration
2025-07-03 00:50:22 - hackulator - INFO - Application starting...
2025-07-03 00:54:11 - hackulator - INFO - Using default configuration
2025-07-03 00:54:11 - hackulator - INFO - Application starting...
2025-07-03 00:55:22 - hackulator - INFO - Using default configuration
2025-07-03 00:55:22 - hackulator - INFO - Application starting...
2025-07-03 00:56:36 - hackulator - INFO - Using default configuration
2025-07-03 00:56:36 - hackulator - INFO - Application starting...
2025-07-03 01:00:02 - hackulator - INFO - Using default configuration
2025-07-03 01:00:02 - hackulator - INFO - Application starting...
2025-07-03 01:02:22 - hackulator - INFO - DNS scan started - Target: managenet.com.au, Wordlist: subdomains-top1000.txt, Types: ['A', 'AAAA', 'CNAME', 'MX', 'TXT']
2025-07-03 01:02:23 - hackulator - INFO - DNS scan completed - Target: managenet.com.au, Results: 4
2025-07-03 01:02:59 - hackulator - INFO - Results exported to exports\hackulator_scan_unnamed_20250703_010259.json
2025-07-03 01:03:04 - hackulator - INFO - Results exported to exports\hackulator_scan_unnamed_20250703_010304.csv
2025-07-03 01:03:08 - hackulator - INFO - Results exported to exports\hackulator_scan_unnamed_20250703_010308.xml
2025-07-03 01:04:35 - hackulator - INFO - Using default configuration
2025-07-03 01:04:35 - hackulator - INFO - Application starting...
2025-07-03 01:11:55 - hackulator - INFO - Using default configuration
2025-07-03 01:11:56 - hackulator - INFO - Application starting...
2025-07-03 09:33:07 - hackulator - INFO - Using default configuration
2025-07-03 09:33:07 - hackulator - INFO - Application starting...
2025-07-03 09:34:46 - hackulator - INFO - Using default configuration
2025-07-03 09:34:46 - hackulator - INFO - Application starting...
2025-07-03 12:58:12 - hackulator - INFO - Using default configuration
2025-07-03 12:58:12 - hackulator - INFO - Application starting...
2025-07-03 13:00:52 - hackulator - INFO - Using default configuration
2025-07-03 13:00:52 - hackulator - INFO - Application starting...
