2025-07-04 00:17:35 - hackulator - INFO - Using default configuration
2025-07-04 00:17:35 - hackulator - INFO - Application starting...
2025-07-04 00:17:52 - hackulator - INFO - DNS scan started - Target: example.com, Wordlist: subdomains-top1000.txt, Types: ['A', 'AAAA', 'CNAME']
2025-07-04 00:17:53 - hackulator - INFO - DNS scan completed - Target: example.com, Results: 1
2025-07-04 00:20:43 - hackulator - INFO - Using default configuration
2025-07-04 00:20:43 - hackulator - INFO - Application starting...
2025-07-04 00:24:42 - hackulator - INFO - Using default configuration
2025-07-04 00:24:42 - hackulator - INFO - Application starting...
2025-07-04 00:29:16 - hackulator - INFO - DNS scan started - Target: example.com, Wordlist: subdomains-top1000.txt, Types: ['A', 'AAAA']
2025-07-04 00:29:17 - hackulator - INFO - DNS scan completed - Target: example.com, Results: 1
2025-07-04 00:32:35 - hackulator - INFO - Using default configuration
2025-07-04 00:32:35 - hackulator - INFO - Application starting...
2025-07-04 00:32:50 - hackulator - INFO - DNS scan started - Target: mgnnet.com.au, Wordlist: subdomains-top1000.txt, Types: ['A', 'AAAA', 'CNAME']
2025-07-04 00:32:50 - hackulator - INFO - DNS scan completed - Target: mgnnet.com.au, Results: 2
2025-07-04 00:37:55 - hackulator - INFO - Using default configuration
2025-07-04 00:37:55 - hackulator - INFO - Application starting...
2025-07-04 00:47:59 - hackulator - INFO - Using default configuration
2025-07-04 00:47:59 - hackulator - INFO - Application starting...
2025-07-04 00:52:23 - hackulator - INFO - Using default configuration
2025-07-04 00:52:23 - hackulator - INFO - Application starting...
2025-07-04 00:53:59 - hackulator - INFO - Using default configuration
2025-07-04 00:53:59 - hackulator - INFO - Application starting...
2025-07-04 00:57:04 - hackulator - INFO - Using default configuration
2025-07-04 00:57:04 - hackulator - INFO - Application starting...
2025-07-04 00:57:58 - hackulator - INFO - Using default configuration
2025-07-04 00:57:58 - hackulator - INFO - Application starting...
2025-07-04 00:58:17 - hackulator - INFO - Using default configuration
2025-07-04 00:58:17 - hackulator - INFO - Application starting...
2025-07-04 00:58:38 - hackulator - INFO - Using default configuration
2025-07-04 00:58:38 - hackulator - INFO - Application starting...
2025-07-04 00:58:56 - hackulator - INFO - Using default configuration
2025-07-04 00:58:56 - hackulator - INFO - Application starting...
2025-07-04 00:59:10 - hackulator - INFO - Using default configuration
2025-07-04 00:59:10 - hackulator - INFO - Application starting...
2025-07-04 00:59:23 - hackulator - INFO - Using default configuration
2025-07-04 00:59:23 - hackulator - INFO - Application starting...
2025-07-04 00:59:37 - hackulator - INFO - Using default configuration
2025-07-04 00:59:37 - hackulator - INFO - Application starting...
2025-07-04 00:59:55 - hackulator - INFO - Using default configuration
2025-07-04 00:59:55 - hackulator - INFO - Application starting...
2025-07-04 01:00:31 - hackulator - INFO - Using default configuration
2025-07-04 01:00:31 - hackulator - INFO - Application starting...
2025-07-04 01:03:30 - hackulator - INFO - Using default configuration
2025-07-04 01:03:30 - hackulator - INFO - Application starting...
2025-07-04 01:04:11 - hackulator - INFO - Using default configuration
2025-07-04 01:04:12 - hackulator - INFO - Application starting...
2025-07-04 01:04:30 - hackulator - INFO - Using default configuration
2025-07-04 01:04:30 - hackulator - INFO - Application starting...
2025-07-04 01:06:43 - hackulator - INFO - Using default configuration
2025-07-04 01:06:43 - hackulator - INFO - Application starting...
2025-07-04 01:07:12 - hackulator - INFO - Using default configuration
2025-07-04 01:07:12 - hackulator - INFO - Application starting...
2025-07-04 01:12:31 - hackulator - INFO - Using default configuration
2025-07-04 01:12:31 - hackulator - INFO - Application starting...
2025-07-04 01:18:00 - hackulator - INFO - Using default configuration
2025-07-04 01:18:00 - hackulator - INFO - Application starting...
2025-07-04 01:19:45 - hackulator - INFO - Using default configuration
2025-07-04 01:19:46 - hackulator - INFO - Application starting...
2025-07-04 01:22:43 - hackulator - INFO - Using default configuration
2025-07-04 01:22:43 - hackulator - INFO - Application starting...
2025-07-04 01:24:41 - hackulator - INFO - Using default configuration
2025-07-04 01:24:41 - hackulator - INFO - Application starting...
2025-07-04 01:27:29 - hackulator - INFO - Using default configuration
2025-07-04 01:27:29 - hackulator - INFO - Application starting...
2025-07-04 01:29:36 - hackulator - INFO - Using default configuration
2025-07-04 01:29:36 - hackulator - INFO - Application starting...
2025-07-04 01:29:55 - hackulator - INFO - Using default configuration
2025-07-04 01:29:55 - hackulator - INFO - Application starting...
2025-07-04 01:30:13 - hackulator - INFO - Using default configuration
2025-07-04 01:30:13 - hackulator - INFO - Application starting...
2025-07-04 01:30:39 - hackulator - INFO - Using default configuration
2025-07-04 01:30:39 - hackulator - INFO - Application starting...
2025-07-04 01:35:46 - hackulator - INFO - Using default configuration
2025-07-04 01:35:46 - hackulator - INFO - Application starting...
2025-07-04 01:37:56 - hackulator - INFO - Using default configuration
2025-07-04 01:37:56 - hackulator - INFO - Application starting...
2025-07-04 01:38:29 - hackulator - INFO - Using default configuration
2025-07-04 01:38:29 - hackulator - INFO - Application starting...
2025-07-04 01:38:52 - hackulator - INFO - Using default configuration
2025-07-04 01:38:52 - hackulator - INFO - Application starting...
2025-07-04 01:40:40 - hackulator - INFO - Using default configuration
2025-07-04 01:40:40 - hackulator - INFO - Application starting...
2025-07-04 01:42:59 - hackulator - INFO - Using default configuration
2025-07-04 01:42:59 - hackulator - INFO - Application starting...
